[debug] [2022-10-29T11:54:02.916Z] ----------------------------------------------------------------------
[debug] [2022-10-29T11:54:02.918Z] Command:       C:\Program Files\nodejs\node.exe C:\Users\juanm\AppData\Roaming\npm\node_modules\firebase-tools\lib\bin\firebase.js init
[debug] [2022-10-29T11:54:02.918Z] CLI Version:   11.15.0
[debug] [2022-10-29T11:54:02.918Z] Platform:      win32
[debug] [2022-10-29T11:54:02.919Z] Node Version:  v16.17.0
[debug] [2022-10-29T11:54:02.919Z] Time:          Sat Oct 29 2022 13:54:02 GMT+0200 (hora de verano de Europa central)
[debug] [2022-10-29T11:54:02.920Z] ----------------------------------------------------------------------
[debug] 
[debug] [2022-10-29T11:54:02.922Z] >>> [apiv2][query] GET https://firebase-public.firebaseio.com/cli.json [none]
[debug] [2022-10-29T11:54:02.942Z] > command requires scopes: ["email","openid","https://www.googleapis.com/auth/cloudplatformprojects.readonly","https://www.googleapis.com/auth/firebase","https://www.googleapis.com/auth/cloud-platform"]
[debug] [2022-10-29T11:54:02.943Z] > authorizing via signed-in user (juanma4x21@gmail.com)
[info] 
     ######## #### ########  ######## ########     ###     ######  ########
     ##        ##  ##     ## ##       ##     ##  ##   ##  ##       ##
     ######    ##  ########  ######   ########  #########  ######  ######
     ##        ##  ##    ##  ##       ##     ## ##     ##       ## ##
     ##       #### ##     ## ######## ########  ##     ##  ######  ########

You're about to initialize a Firebase project in this directory:

  C:\Users\juanm\OneDrive\2ºCicloSuperiorDAM\PMD\Angular\ProyectoAngular\InicioAngular

[debug] [2022-10-29T11:54:03.297Z] <<< [apiv2][status] GET https://firebase-public.firebaseio.com/cli.json 200
[debug] [2022-10-29T11:54:03.298Z] <<< [apiv2][body] GET https://firebase-public.firebaseio.com/cli.json {"cloudBuildErrorAfter":1594252800000,"cloudBuildWarnAfter":1590019200000,"defaultNode10After":1594252800000,"minVersion":"3.0.5","node8DeploysDisabledAfter":1613390400000,"node8RuntimeDisabledAfter":1615809600000,"node8WarnAfter":1600128000000}
